<?xml version="1.0" encoding="UTF-8"?>
<!-- Generated by org.testng.reporters.JUnitXMLReporter -->
<testsuite ignored="0" hostname="LAPTOP-DLE01V7J" failures="0" tests="3" name="Default test" time="26.201" errors="0" timestamp="02 Feb 2023 11:33:58 GMT">
  <testcase classname="testSuites.TestCases" name="hospitalNames" time="8.448"/>
  <testcase classname="testSuites.TestCases" name="TopCities" time="5.686"/>
  <testcase classname="testSuites.TestCases" name="corporateWellness" time="8.331"/>
</testsuite> <!-- Default test -->
