<?xml version="1.0" encoding="UTF-8"?>
<!-- Generated by org.testng.reporters.JUnitXMLReporter -->
<testsuite ignored="0" hostname="LTIN297483" failures="0" tests="3" name="ChromeTest" time="0.086" errors="0" timestamp="2024-03-04T12:26:55 IST">
  <testcase classname="testSuites.TestCases" name="@BeforeTest invokeBrowser" time="0.016">
    <failure type="java.lang.NullPointerException" message="Cannot invoke &amp;quot;String.matches(String)&amp;quot; because the return value of &amp;quot;java.util.Properties.getProperty(String)&amp;quot; is null">
      <![CDATA[java.lang.NullPointerException: Cannot invoke "String.matches(String)" because the return value of "java.util.Properties.getProperty(String)" is null
at base.Base.invokeBrowser(Base.java:47)
at testSuites.TestCases.invokeBrowser(TestCases.java:23)
... Removed 24 stack frames]]>
    </failure>
  </testcase> <!-- @BeforeTest invokeBrowser -->
  <testcase classname="testSuites.TestCases" name="@AfterTest closeBrowser" time="0.0">
    <skipped/>
  </testcase> <!-- @AfterTest closeBrowser -->
  <testcase classname="testSuites.TestCases" name="hospitalNames" time="0.001">
    <skipped/>
  </testcase> <!-- hospitalNames -->
  <testcase classname="testSuites.TestCases" name="TopCities" time="0.0">
    <skipped/>
  </testcase> <!-- TopCities -->
  <testcase classname="testSuites.TestCases" name="corporateWellness" time="0.0">
    <skipped/>
  </testcase> <!-- corporateWellness -->
</testsuite> <!-- ChromeTest -->
