<?xml version="1.0" encoding="UTF-8"?>
<!-- Generated by org.testng.reporters.JUnitXMLReporter -->
<testsuite ignored="0" hostname="LTIN297483" failures="0" tests="3" name="EdgeTest" time="0.023" errors="0" timestamp="2024-03-04T12:26:55 IST">
  <testcase classname="testSuites.TestCases" name="hospitalNames" time="0.0">
    <skipped/>
  </testcase> <!-- hospitalNames -->
  <testcase classname="testSuites.TestCases" name="TopCities" time="0.0">
    <skipped/>
  </testcase> <!-- TopCities -->
  <testcase classname="testSuites.TestCases" name="corporateWellness" time="0.0">
    <skipped/>
  </testcase> <!-- corporateWellness -->
</testsuite> <!-- EdgeTest -->
